<?xml version="1.0" encoding="UTF-8"?>
<coverage generated="1755695096194" clover="3.2.0">
  <project timestamp="1755695096194" name="All files">
    <metrics statements="7" coveredstatements="7" conditionals="9" coveredconditionals="9" methods="2" coveredmethods="2" elements="18" coveredelements="18" complexity="0" loc="7" ncloc="7" packages="1" files="1" classes="1"/>
    <file name="points.js" path="/Users/nataliazherebtcova/HW3.2.2/points.js">
      <metrics statements="7" coveredstatements="7" conditionals="9" coveredconditionals="9" methods="2" coveredmethods="2"/>
      <line num="2" count="4" type="cond" truecount="4" falsecount="0"/>
      <line num="4" count="1" type="stmt"/>
      <line num="7" count="3" type="stmt"/>
      <line num="8" count="18" type="cond" truecount="2" falsecount="0"/>
      <line num="13" count="4" type="stmt"/>
      <line num="15" count="14" type="stmt"/>
      <line num="19" count="1" type="stmt"/>
    </file>
  </project>
</coverage>
