{"/Users/nataliazherebtcova/HW3.2.2/points.js": {"path":"/Users/nataliazherebtcova/HW3.2.2/points.js","statementMap":{"0":{"start":{"line":2,"column":2},"end":{"line":5,"column":3}},"1":{"start":{"line":4,"column":4},"end":{"line":4,"column":16}},"2":{"start":{"line":7,"column":2},"end":{"line":16,"column":18}},"3":{"start":{"line":8,"column":4},"end":{"line":14,"column":5}},"4":{"start":{"line":13,"column":6},"end":{"line":13,"column":21}},"5":{"start":{"line":15,"column":4},"end":{"line":15,"column":16}},"6":{"start":{"line":19,"column":0},"end":{"line":19,"column":33}}},"fnMap":{"0":{"name":"findBestStudent","decl":{"start":{"line":1,"column":9},"end":{"line":1,"column":24}},"loc":{"start":{"line":1,"column":35},"end":{"line":17,"column":1}},"line":1},"1":{"name":"(anonymous_1)","decl":{"start":{"line":7,"column":25},"end":{"line":7,"column":26}},"loc":{"start":{"line":7,"column":44},"end":{"line":16,"column":3}},"line":7}},"branchMap":{"0":{"loc":{"start":{"line":2,"column":2},"end":{"line":5,"column":3}},"type":"if","locations":[{"start":{"line":2,"column":2},"end":{"line":5,"column":3}},{"start":{},"end":{}}],"line":2},"1":{"loc":{"start":{"line":2,"column":6},"end":{"line":2,"column":40}},"type":"binary-expr","locations":[{"start":{"line":2,"column":6},"end":{"line":2,"column":15}},{"start":{"line":2,"column":19},"end":{"line":2,"column":40}}],"line":2},"2":{"loc":{"start":{"line":8,"column":4},"end":{"line":14,"column":5}},"type":"if","locations":[{"start":{"line":8,"column":4},"end":{"line":14,"column":5}},{"start":{},"end":{}}],"line":8},"3":{"loc":{"start":{"line":9,"column":6},"end":{"line":11,"column":53}},"type":"binary-expr","locations":[{"start":{"line":9,"column":6},"end":{"line":9,"column":32}},{"start":{"line":10,"column":7},"end":{"line":10,"column":35}},{"start":{"line":11,"column":8},"end":{"line":11,"column":52}}],"line":9}},"s":{"0":4,"1":1,"2":3,"3":18,"4":4,"5":14,"6":1},"f":{"0":4,"1":18},"b":{"0":[1,3],"1":[4,4],"2":[4,14],"3":[18,17,11]},"_coverageSchema":"1a1c01bbd47fc00a2c39e90264f33305004495a9","hash":"5908ef9d4188113f7f62b9dbc4e0a8be2f7ed833"}
}
